SF:lib/main.dart
DA:3,0
DA:4,0
DA:8,2
DA:11,1
DA:13,1
DA:15,1
DA:31,1
DA:40,1
DA:53,1
DA:54,1
DA:60,1
DA:61,2
DA:67,2
DA:71,1
DA:79,1
DA:80,1
DA:84,3
DA:87,3
DA:89,1
DA:92,1
DA:107,1
DA:111,1
DA:112,2
DA:113,3
DA:118,1
DA:119,1
LF:26
LH:24
end_of_record
SF:lib/app/view/app.dart
DA:11,1
DA:13,1
DA:15,1
DA:16,1
DA:17,1
DA:18,0
DA:19,0
DA:22,1
DA:23,1
LF:9
LH:7
end_of_record
SF:lib/card_collection/bloc/card_collection_bloc.dart
DA:10,0
DA:13,0
DA:14,0
DA:19,0
DA:23,0
DA:25,0
DA:26,0
DA:27,0
DA:32,0
DA:33,0
DA:34,0
LF:11
LH:0
end_of_record
SF:lib/card_collection/bloc/card_collection_event.dart
DA:4,3
DA:6,0
DA:7,0
DA:11,3
LF:4
LH:2
end_of_record
SF:lib/card_collection/bloc/card_collection_state.dart
DA:6,0
DA:16,0
DA:21,0
DA:22,0
DA:23,0
DA:24,0
DA:28,0
DA:29,0
DA:30,0
DA:31,0
DA:32,0
LF:11
LH:0
end_of_record
SF:lib/card_collection/view/card_collection_page.dart
DA:8,3
DA:10,1
DA:12,1
DA:13,1
DA:14,1
DA:15,0
LF:6
LH:5
end_of_record
SF:lib/l10n/l10n.dart
DA:7,4
LF:1
LH:1
end_of_record
SF:lib/card_collection/view/card_collection_view.dart
DA:8,0
DA:10,0
DA:12,0
DA:13,0
DA:14,0
DA:15,0
DA:17,0
DA:24,0
DA:31,6
DA:33,1
DA:35,1
DA:36,1
DA:37,0
DA:38,0
DA:43,0
DA:52,0
DA:53,0
DA:54,0
DA:55,0
DA:56,0
DA:57,0
DA:61,0
DA:62,0
DA:63,0
DA:64,0
DA:65,0
LF:26
LH:4
end_of_record
SF:lib/counter/cubit/counter_cubit.dart
DA:4,4
DA:6,4
DA:7,4
LF:3
LH:3
end_of_record
SF:lib/counter/view/counter_page.dart
DA:7,1
DA:9,1
DA:11,1
DA:12,2
DA:19,4
DA:21,1
DA:23,1
DA:24,1
DA:25,3
DA:27,1
DA:30,1
DA:31,1
DA:32,3
DA:36,1
DA:37,3
DA:47,3
DA:49,1
DA:51,1
DA:52,3
DA:53,4
LF:20
LH:20
end_of_record
